# JRE version: Java(TM) SE Runtime Environment (8.0_121-b13) (build 1.8.0_121-b13)
# Java VM: Java HotSpot(TM) 64-Bit Server VM (25.121-b13 mixed mode windows-amd64 compressed oops)
Heap:
 PSYoungGen      total 121856K, used 44606K [0x00000000d5d80000, 0x00000000de100000, 0x0000000100000000)
  eden space 113664K, 32% used [0x00000000d5d80000,0x00000000d8121040,0x00000000dcc80000)
  from space 8192K, 99% used [0x00000000dd900000,0x00000000de0eeb80,0x00000000de100000)
  to   space 10240K, 0% used [0x00000000dcd00000,0x00000000dcd00000,0x00000000dd700000)
 ParOldGen       total 49664K, used 7062K [0x0000000081800000, 0x0000000084880000, 0x00000000d5d80000)
  object space 49664K, 14% used [0x0000000081800000,0x0000000081ee5af8,0x0000000084880000)
 Metaspace       used 30103K, capacity 32486K, committed 32640K, reserved 1077248K
  class space    used 4036K, capacity 4443K, committed 4480K, reserved 1048576K
GC Heap History (10 events):
Event: 2.846 GC heap before
{Heap before GC invocations=3 (full 0):
 PSYoungGen      total 38400K, used 38375K [0x00000000d5d80000, 0x00000000d8800000, 0x0000000100000000)
  eden space 33280K, 100% used [0x00000000d5d80000,0x00000000d7e00000,0x00000000d7e00000)
  from space 5120K, 99% used [0x00000000d8300000,0x00000000d87f9dc8,0x00000000d8800000)
  to   space 5120K, 0% used [0x00000000d7e00000,0x00000000d7e00000,0x00000000d8300000)
 ParOldGen       total 87552K, used 1666K [0x0000000081800000, 0x0000000086d80000, 0x00000000d5d80000)
  object space 87552K, 1% used [0x0000000081800000,0x00000000819a0a20,0x0000000086d80000)
 Metaspace       used 19730K, capacity 20946K, committed 21248K, reserved 1067008K
  class space    used 2514K, capacity 2763K, committed 2816K, reserved 1048576K
Event: 2.857 GC heap after
Heap after GC invocations=3 (full 0):
 PSYoungGen      total 38400K, used 5091K [0x00000000d5d80000, 0x00000000da880000, 0x0000000100000000)
  eden space 33280K, 0% used [0x00000000d5d80000,0x00000000d5d80000,0x00000000d7e00000)
  from space 5120K, 99% used [0x00000000d7e00000,0x00000000d82f8da8,0x00000000d8300000)
  to   space 5120K, 0% used [0x00000000da380000,0x00000000da380000,0x00000000da880000)
 ParOldGen       total 87552K, used 5460K [0x0000000081800000, 0x0000000086d80000, 0x00000000d5d80000)
  object space 87552K, 6% used [0x0000000081800000,0x0000000081d552e0,0x0000000086d80000)
 Metaspace       used 19730K, capacity 20946K, committed 21248K, reserved 1067008K
  class space    used 2514K, capacity 2763K, committed 2816K, reserved 1048576K
}
Event: 2.894 GC heap before
{Heap before GC invocations=4 (full 0):
 PSYoungGen      total 38400K, used 7369K [0x00000000d5d80000, 0x00000000da880000, 0x0000000100000000)
  eden space 33280K, 6% used [0x00000000d5d80000,0x00000000d5fb9950,0x00000000d7e00000)
  from space 5120K, 99% used [0x00000000d7e00000,0x00000000d82f8da8,0x00000000d8300000)
  to   space 5120K, 0% used [0x00000000da380000,0x00000000da380000,0x00000000da880000)
 ParOldGen       total 87552K, used 5460K [0x0000000081800000, 0x0000000086d80000, 0x00000000d5d80000)
  object space 87552K, 6% used [0x0000000081800000,0x0000000081d552e0,0x0000000086d80000)
 Metaspace       used 20017K, capacity 21196K, committed 21248K, reserved 1067008K
  class space    used 2557K, capacity 2782K, committed 2816K, reserved 1048576K
Event: 2.903 GC heap after
Heap after GC invocations=4 (full 0):
 PSYoungGen      total 71680K, used 4782K [0x00000000d5d80000, 0x00000000da880000, 0x0000000100000000)
  eden space 66560K, 0% used [0x00000000d5d80000,0x00000000d5d80000,0x00000000d9e80000)
  from space 5120K, 93% used [0x00000000da380000,0x00000000da82b8d8,0x00000000da880000)
  to   space 5120K, 0% used [0x00000000d9e80000,0x00000000d9e80000,0x00000000da380000)
 ParOldGen       total 87552K, used 5468K [0x0000000081800000, 0x0000000086d80000, 0x00000000d5d80000)
  object space 87552K, 6% used [0x0000000081800000,0x0000000081d572e0,0x0000000086d80000)
 Metaspace       used 20017K, capacity 21196K, committed 21248K, reserved 1067008K
  class space    used 2557K, capacity 2782K, committed 2816K, reserved 1048576K
}
Event: 2.903 GC heap before
{Heap before GC invocations=5 (full 1):
 PSYoungGen      total 71680K, used 4782K [0x00000000d5d80000, 0x00000000da880000, 0x0000000100000000)
  eden space 66560K, 0% used [0x00000000d5d80000,0x00000000d5d80000,0x00000000d9e80000)
  from space 5120K, 93% used [0x00000000da380000,0x00000000da82b8d8,0x00000000da880000)
  to   space 5120K, 0% used [0x00000000d9e80000,0x00000000d9e80000,0x00000000da380000)
 ParOldGen       total 87552K, used 5468K [0x0000000081800000, 0x0000000086d80000, 0x00000000d5d80000)
  object space 87552K, 6% used [0x0000000081800000,0x0000000081d572e0,0x0000000086d80000)
 Metaspace       used 20017K, capacity 21196K, committed 21248K, reserved 1067008K
  class space    used 2557K, capacity 2782K, committed 2816K, reserved 1048576K
Event: 2.949 GC heap after
Heap after GC invocations=5 (full 1):
 PSYoungGen      total 71680K, used 0K [0x00000000d5d80000, 0x00000000da880000, 0x0000000100000000)
  eden space 66560K, 0% used [0x00000000d5d80000,0x00000000d5d80000,0x00000000d9e80000)
  from space 5120K, 0% used [0x00000000da380000,0x00000000da380000,0x00000000da880000)
  to   space 5120K, 0% used [0x00000000d9e80000,0x00000000d9e80000,0x00000000da380000)
 ParOldGen       total 49664K, used 4607K [0x0000000081800000, 0x0000000084880000, 0x00000000d5d80000)
  object space 49664K, 9% used [0x0000000081800000,0x0000000081c7fd88,0x0000000084880000)
 Metaspace       used 20017K, capacity 21196K, committed 21248K, reserved 1067008K
  class space    used 2557K, capacity 2782K, committed 2816K, reserved 1048576K
}
Event: 4.722 GC heap before
{Heap before GC invocations=6 (full 1):
 PSYoungGen      total 71680K, used 66560K [0x00000000d5d80000, 0x00000000da880000, 0x0000000100000000)
  eden space 66560K, 100% used [0x00000000d5d80000,0x00000000d9e80000,0x00000000d9e80000)
  from space 5120K, 0% used [0x00000000da380000,0x00000000da380000,0x00000000da880000)
  to   space 5120K, 0% used [0x00000000d9e80000,0x00000000d9e80000,0x00000000da380000)
 ParOldGen       total 49664K, used 4607K [0x0000000081800000, 0x0000000084880000, 0x00000000d5d80000)
  object space 49664K, 9% used [0x0000000081800000,0x0000000081c7fd88,0x0000000084880000)
 Metaspace       used 25506K, capacity 27128K, committed 27264K, reserved 1073152K
  class space    used 3287K, capacity 3590K, committed 3712K, reserved 1048576K
Event: 4.750 GC heap after
Heap after GC invocations=6 (full 1):
 PSYoungGen      total 71680K, used 5115K [0x00000000d5d80000, 0x00000000de280000, 0x0000000100000000)
  eden space 66560K, 0% used [0x00000000d5d80000,0x00000000d5d80000,0x00000000d9e80000)
  from space 5120K, 99% used [0x00000000d9e80000,0x00000000da37ed90,0x00000000da380000)
  to   space 9728K, 0% used [0x00000000dd900000,0x00000000dd900000,0x00000000de280000)
 ParOldGen       total 49664K, used 7054K [0x0000000081800000, 0x0000000084880000, 0x00000000d5d80000)
  object space 49664K, 14% used [0x0000000081800000,0x0000000081ee3af8,0x0000000084880000)
 Metaspace       used 25506K, capacity 27128K, committed 27264K, reserved 1073152K
  class space    used 3287K, capacity 3590K, committed 3712K, reserved 1048576K
}
Event: 6.574 GC heap before
{Heap before GC invocations=7 (full 1):
 PSYoungGen      total 71680K, used 71675K [0x00000000d5d80000, 0x00000000de280000, 0x0000000100000000)
  eden space 66560K, 100% used [0x00000000d5d80000,0x00000000d9e80000,0x00000000d9e80000)
  from space 5120K, 99% used [0x00000000d9e80000,0x00000000da37ed90,0x00000000da380000)
  to   space 9728K, 0% used [0x00000000dd900000,0x00000000dd900000,0x00000000de280000)
 ParOldGen       total 49664K, used 7054K [0x0000000081800000, 0x0000000084880000, 0x00000000d5d80000)
  object space 49664K, 14% used [0x0000000081800000,0x0000000081ee3af8,0x0000000084880000)
 Metaspace       used 27911K, capacity 30194K, committed 30464K, reserved 1075200K
  class space    used 3633K, capacity 4031K, committed 4096K, reserved 1048576K
Event: 6.587 GC heap after
Heap after GC invocations=7 (full 1):
 PSYoungGen      total 121856K, used 8122K [0x00000000d5d80000, 0x00000000de100000, 0x0000000100000000)
  eden space 113664K, 0% used [0x00000000d5d80000,0x00000000d5d80000,0x00000000dcc80000)
  from space 8192K, 99% used [0x00000000dd900000,0x00000000de0eeb80,0x00000000de100000)
  to   space 10240K, 0% used [0x00000000dcd00000,0x00000000dcd00000,0x00000000dd700000)
 ParOldGen       total 49664K, used 7062K [0x0000000081800000, 0x0000000084880000, 0x00000000d5d80000)
  object space 49664K, 14% used [0x0000000081800000,0x0000000081ee5af8,0x0000000084880000)
 Metaspace       used 27911K, capacity 30194K, committed 30464K, reserved 1075200K
  class space    used 3633K, capacity 4031K, committed 4096K, reserved 1048576K
}

